[2022-11-09 11:27:20,500] Running step: step_qonnx_to_finn [1/17]
[2022-11-09 11:27:20,502] Running step: step_tidy_up [2/17]
[2022-11-09 11:27:20,542] Running verification for initial_python
[2022-11-09 11:27:20,551] /scratch/bkwan/FINN/finn/deps/qonnx/src/qonnx/util/basic.py:286: UserWarning: The values of tensor global_in can't be represented with the set datatype annotation (INT8), they will be rounded to match the datatype annotation.
[2022-11-09 11:27:20,551]   warnings.warn(
[2022-11-09 11:27:21,807] Verification for initial_python : FAIL
[2022-11-09 11:27:21,812] Running step: step_streamline [3/17]
[2022-11-09 11:27:22,757] /scratch/bkwan/FINN/finn/deps/qonnx/src/qonnx/transformation/infer_data_layouts.py:119: UserWarning: Assuming 4D input is NCHW
[2022-11-09 11:27:22,757]   warnings.warn("Assuming 4D input is NCHW")
[2022-11-09 11:27:22,763] Running verification for streamlined_python
[2022-11-09 11:27:24,740] Verification for streamlined_python : FAIL
[2022-11-09 11:27:24,742] Running step: step_convert_to_hls [4/17]
[2022-11-09 11:27:25,077] /scratch/bkwan/FINN/finn/src/finn/custom_op/fpgadataflow/thresholding_batch.py:125: UserWarning: inputDataType changing for Thresholding_Batch_MultiThreshold_0: INT32 -> INT24
[2022-11-09 11:27:25,077]   warnings.warn(warn_str)
[2022-11-09 11:27:25,099] /scratch/bkwan/FINN/finn/src/finn/transformation/fpgadataflow/convert_to_hls_layers.py:383: UserWarning: MaxPoolNHWC_0: could not convert to HLS
[2022-11-09 11:27:25,099]   warnings.warn(node.name + ": could not convert to HLS")
[2022-11-09 11:27:25,100] /scratch/bkwan/FINN/finn/src/finn/transformation/fpgadataflow/convert_to_hls_layers.py:383: UserWarning: MaxPoolNHWC_1: could not convert to HLS
[2022-11-09 11:27:25,100]   warnings.warn(node.name + ": could not convert to HLS")
[2022-11-09 11:27:25,111] Running step: step_create_dataflow_partition [5/17]
[2022-11-09 13:07:56,175] Running step: step_qonnx_to_finn [1/17]
[2022-11-09 13:07:56,177] Running step: step_tidy_up [2/17]
[2022-11-09 13:07:56,223] Running verification for initial_python
[2022-11-09 13:07:56,233] /scratch/bkwan/FINN/finn/deps/qonnx/src/qonnx/util/basic.py:286: UserWarning: The values of tensor global_in can't be represented with the set datatype annotation (INT8), they will be rounded to match the datatype annotation.
[2022-11-09 13:07:56,233]   warnings.warn(
[2022-11-09 13:07:57,678] Verification for initial_python : FAIL
[2022-11-09 13:07:57,680] Running step: step_streamline [3/17]
[2022-11-09 13:07:58,810] /scratch/bkwan/FINN/finn/deps/qonnx/src/qonnx/transformation/infer_data_layouts.py:119: UserWarning: Assuming 4D input is NCHW
[2022-11-09 13:07:58,811]   warnings.warn("Assuming 4D input is NCHW")
[2022-11-09 13:07:58,817] Running verification for streamlined_python
[2022-11-09 13:08:01,282] Verification for streamlined_python : FAIL
[2022-11-09 13:08:01,286] Running step: step_convert_to_hls [4/17]
[2022-11-09 13:08:01,692] /scratch/bkwan/FINN/finn/src/finn/custom_op/fpgadataflow/thresholding_batch.py:125: UserWarning: inputDataType changing for Thresholding_Batch_MultiThreshold_0: INT32 -> INT24
[2022-11-09 13:08:01,693]   warnings.warn(warn_str)
[2022-11-09 13:08:01,716] /scratch/bkwan/FINN/finn/src/finn/transformation/fpgadataflow/convert_to_hls_layers.py:383: UserWarning: MaxPoolNHWC_0: could not convert to HLS
[2022-11-09 13:08:01,716]   warnings.warn(node.name + ": could not convert to HLS")
[2022-11-09 13:08:01,717] /scratch/bkwan/FINN/finn/src/finn/transformation/fpgadataflow/convert_to_hls_layers.py:383: UserWarning: MaxPoolNHWC_1: could not convert to HLS
[2022-11-09 13:08:01,717]   warnings.warn(node.name + ": could not convert to HLS")
[2022-11-09 13:08:01,729] Running step: step_create_dataflow_partition [5/17]
