#-----------------------------------------------------------
# Vivado v2022.1 (64-bit)
# SW Build 3526262 on Mon Apr 18 15:47:01 MDT 2022
# IP Build 3524634 on Mon Apr 18 20:55:01 MDT 2022
# Start of session at: Thu Dec 15 03:17:49 2022
# Process ID: 11439
# Current directory: /scratch/bkwan/FINN/finn/ML_LL/Model/CNN-1D/tmp/vivado_stitch_proj_5hx03l_8
# Command line: vivado -mode batch -source make_project.tcl
# Log file: /scratch/bkwan/FINN/finn/ML_LL/Model/CNN-1D/tmp/vivado_stitch_proj_5hx03l_8/vivado.log
# Journal file: /scratch/bkwan/FINN/finn/ML_LL/Model/CNN-1D/tmp/vivado_stitch_proj_5hx03l_8/vivado.jou
# Running On: finn_dev_pokyeek, OS: Linux, CPU Frequency: 1000.118 MHz, CPU Physical cores: 24, Host memory: 134731 MB
#-----------------------------------------------------------
source make_project.tcl
# create_project finn_vivado_stitch_proj /scratch/bkwan/FINN/finn/ML_LL/Model/CNN-1D/tmp/vivado_stitch_proj_5hx03l_8 -part xc7z020clg400-1
create_project: Time (s): cpu = 00:00:06 ; elapsed = 00:00:07 . Memory (MB): peak = 3164.090 ; gain = 2.016 ; free physical = 30099 ; free virtual = 95133
# set_property ip_repo_paths [list $::env(FINN_ROOT)/finn-rtllib/memstream /scratch/bkwan/FINN/finn/ML_LL/Model/CNN-1D/tmp/code_gen_ipgen_StreamingFIFO_0_c37y7kfw/project_StreamingFIFO_0/sol1/impl/verilog /scratch/bkwan/FINN/finn/ML_LL/Model/CNN-1D/tmp/code_gen_ipgen_MatrixVectorActivation_0_jycgp900/project_MatrixVectorActivation_0/sol1/impl/ip] [current_project]
# update_ip_catalog
INFO: [IP_Flow 19-234] Refreshing IP repositories
INFO: [IP_Flow 19-1700] Loaded user IP repository '/scratch/bkwan/finntech/finn/finn-rtllib/memstream'.
INFO: [IP_Flow 19-1700] Loaded user IP repository '/scratch/bkwan/FINN/finn/ML_LL/Model/CNN-1D/tmp/code_gen_ipgen_StreamingFIFO_0_c37y7kfw/project_StreamingFIFO_0/sol1/impl/verilog'.
INFO: [IP_Flow 19-1700] Loaded user IP repository '/scratch/bkwan/FINN/finn/ML_LL/Model/CNN-1D/tmp/code_gen_ipgen_MatrixVectorActivation_0_jycgp900/project_MatrixVectorActivation_0/sol1/impl/ip'.
INFO: [IP_Flow 19-2313] Loaded Vivado IP repository '/proj/xbuilds/SWIP/2022.1_0420_0327/installs/lin64/Vivado/2022.1/data/ip'.
# create_bd_design "finn_design"
Wrote  : </scratch/bkwan/FINN/finn/ML_LL/Model/CNN-1D/tmp/vivado_stitch_proj_5hx03l_8/finn_vivado_stitch_proj.srcs/sources_1/bd/finn_design/finn_design.bd> 
# create_bd_cell -type ip -vlnv xilinx.com:hls:StreamingFIFO_0:1.0 StreamingFIFO_0
# create_bd_cell -type hier MatrixVectorActivation_0
# create_bd_pin -dir I -type clk /MatrixVectorActivation_0/ap_clk
# create_bd_pin -dir I -type rst /MatrixVectorActivation_0/ap_rst_n
# create_bd_intf_pin -mode Master -vlnv xilinx.com:interface:axis_rtl:1.0 /MatrixVectorActivation_0/out_V
# create_bd_intf_pin -mode Slave -vlnv xilinx.com:interface:axis_rtl:1.0 /MatrixVectorActivation_0/in0_V
# create_bd_cell -type ip -vlnv xilinx.com:hls:MatrixVectorActivation_0:1.0 /MatrixVectorActivation_0/MatrixVectorActivation_0
# create_bd_cell -type ip -vlnv xilinx.com:user:memstream:1.0 /MatrixVectorActivation_0/MatrixVectorActivation_0_wstrm
WARNING: [BD 41-1753] The name 'MatrixVectorActivation_0_wstrm' you have specified is long. The Windows OS has path length limitations. It is recommended you use shorter names(less than 25 characters) to reduce the likelihood of issues when/if running on windows OS.
# set_property -dict [list CONFIG.NSTREAMS {1} CONFIG.MEM_DEPTH {576} CONFIG.MEM_WIDTH {1728} CONFIG.MEM_INIT {/scratch/bkwan/FINN/finn/ML_LL/Model/CNN-1D/tmp/code_gen_ipgen_MatrixVectorActivation_0_jycgp900/} CONFIG.RAM_STYLE {auto} CONFIG.STRM0_DEPTH {576} CONFIG.STRM0_WIDTH {1728} CONFIG.STRM0_OFFSET {0} ] [get_bd_cells /MatrixVectorActivation_0/MatrixVectorActivation_0_wstrm]
WARNING: [IP_Flow 19-4684] Expected long value for param AXILITE_ADDR_WIDTH but, float/scientific notation value 22.0 is provided. The value is converted to long type(22)
WARNING: [IP_Flow 19-4684] Expected long value for param AXILITE_ADDR_WIDTH but, float/scientific notation value 18.0 is provided. The value is converted to long type(18)
# connect_bd_intf_net [get_bd_intf_pins MatrixVectorActivation_0/MatrixVectorActivation_0_wstrm/m_axis_0] [get_bd_intf_pins MatrixVectorActivation_0/MatrixVectorActivation_0/weights_V]
# connect_bd_net [get_bd_pins MatrixVectorActivation_0/ap_rst_n] [get_bd_pins MatrixVectorActivation_0/MatrixVectorActivation_0_wstrm/aresetn]
# connect_bd_net [get_bd_pins MatrixVectorActivation_0/ap_clk] [get_bd_pins MatrixVectorActivation_0/MatrixVectorActivation_0_wstrm/aclk]
# connect_bd_net [get_bd_pins MatrixVectorActivation_0/ap_rst_n] [get_bd_pins MatrixVectorActivation_0/MatrixVectorActivation_0/ap_rst_n]
# connect_bd_net [get_bd_pins MatrixVectorActivation_0/ap_clk] [get_bd_pins MatrixVectorActivation_0/MatrixVectorActivation_0/ap_clk]
# connect_bd_intf_net [get_bd_intf_pins MatrixVectorActivation_0/in0_V] [get_bd_intf_pins MatrixVectorActivation_0/MatrixVectorActivation_0/in0_V]
# connect_bd_intf_net [get_bd_intf_pins MatrixVectorActivation_0/out_V] [get_bd_intf_pins MatrixVectorActivation_0/MatrixVectorActivation_0/out_V]
# save_bd_design
Wrote  : </scratch/bkwan/FINN/finn/ML_LL/Model/CNN-1D/tmp/vivado_stitch_proj_5hx03l_8/finn_vivado_stitch_proj.srcs/sources_1/bd/finn_design/finn_design.bd> 
# make_bd_pins_external [get_bd_pins StreamingFIFO_0/ap_clk]
# set_property name ap_clk [get_bd_ports ap_clk_0]
# make_bd_pins_external [get_bd_pins StreamingFIFO_0/ap_rst_n]
# set_property name ap_rst_n [get_bd_ports ap_rst_n_0]
# connect_bd_net [get_bd_ports ap_rst_n] [get_bd_pins MatrixVectorActivation_0/ap_rst_n]
# connect_bd_net [get_bd_ports ap_clk] [get_bd_pins MatrixVectorActivation_0/ap_clk]
# connect_bd_intf_net [get_bd_intf_pins StreamingFIFO_0/out_V] [get_bd_intf_pins MatrixVectorActivation_0/in0_V]
# make_bd_intf_pins_external [get_bd_intf_pins StreamingFIFO_0/in0_V]
# set_property name s_axis_0 [get_bd_intf_ports in0_V_0]
# make_bd_intf_pins_external [get_bd_intf_pins MatrixVectorActivation_0/out_V]
# set_property name m_axis_0 [get_bd_intf_ports out_V_0]
# set_property CONFIG.FREQ_HZ 100000000.000000 [get_bd_ports /ap_clk]
# regenerate_bd_layout
# validate_bd_design
WARNING: [BD 41-927] Following properties on pin /MatrixVectorActivation_0/MatrixVectorActivation_0_wstrm/aclk have been updated from connected ip, but BD cell '/MatrixVectorActivation_0/MatrixVectorActivation_0_wstrm' does not accept parameter changes, so they may not be synchronized with cell properties:
	FREQ_HZ = 100000000.000000 
Please resolve any mismatches by directly setting properties on BD cell </MatrixVectorActivation_0/MatrixVectorActivation_0_wstrm> to completely resolve these warnings.
# save_bd_design
Wrote  : </scratch/bkwan/FINN/finn/ML_LL/Model/CNN-1D/tmp/vivado_stitch_proj_5hx03l_8/finn_vivado_stitch_proj.srcs/sources_1/bd/finn_design/finn_design.bd> 
# make_wrapper -files [get_files /scratch/bkwan/FINN/finn/ML_LL/Model/CNN-1D/tmp/vivado_stitch_proj_5hx03l_8/finn_vivado_stitch_proj.srcs/sources_1/bd/finn_design/finn_design.bd] -top
INFO: [BD 41-1662] The design 'finn_design.bd' is already validated. Therefore parameter propagation will not be re-run.
Verilog Output written to : /scratch/bkwan/FINN/finn/ML_LL/Model/CNN-1D/tmp/vivado_stitch_proj_5hx03l_8/finn_vivado_stitch_proj.gen/sources_1/bd/finn_design/synth/finn_design.v
Verilog Output written to : /scratch/bkwan/FINN/finn/ML_LL/Model/CNN-1D/tmp/vivado_stitch_proj_5hx03l_8/finn_vivado_stitch_proj.gen/sources_1/bd/finn_design/sim/finn_design.v
Verilog Output written to : /scratch/bkwan/FINN/finn/ML_LL/Model/CNN-1D/tmp/vivado_stitch_proj_5hx03l_8/finn_vivado_stitch_proj.gen/sources_1/bd/finn_design/hdl/finn_design_wrapper.v
# add_files -norecurse /scratch/bkwan/FINN/finn/ML_LL/Model/CNN-1D/tmp/vivado_stitch_proj_5hx03l_8/finn_vivado_stitch_proj.srcs/sources_1/bd/finn_design/hdl/finn_design_wrapper.v
INFO: [Project 1-1716] Could not find the wrapper file /scratch/bkwan/FINN/finn/ML_LL/Model/CNN-1D/tmp/vivado_stitch_proj_5hx03l_8/finn_vivado_stitch_proj.srcs/sources_1/bd/finn_design/hdl/finn_design_wrapper.v, checking in project .gen location instead.
INFO: [Vivado 12-12390] Found file /scratch/bkwan/FINN/finn/ML_LL/Model/CNN-1D/tmp/vivado_stitch_proj_5hx03l_8/finn_vivado_stitch_proj.gen/sources_1/bd/finn_design/hdl/finn_design_wrapper.v, adding it to Project
# ipx::package_project -root_dir /scratch/bkwan/FINN/finn/ML_LL/Model/CNN-1D/tmp/vivado_stitch_proj_5hx03l_8/ip -vendor xilinx_finn -library finn -taxonomy /UserIP -module finn_design -import_files
INFO: [BD 41-1662] The design 'finn_design.bd' is already validated. Therefore parameter propagation will not be re-run.
Verilog Output written to : /scratch/bkwan/FINN/finn/ML_LL/Model/CNN-1D/tmp/vivado_stitch_proj_5hx03l_8/finn_vivado_stitch_proj.gen/sources_1/bd/finn_design/synth/finn_design.v
Verilog Output written to : /scratch/bkwan/FINN/finn/ML_LL/Model/CNN-1D/tmp/vivado_stitch_proj_5hx03l_8/finn_vivado_stitch_proj.gen/sources_1/bd/finn_design/sim/finn_design.v
Verilog Output written to : /scratch/bkwan/FINN/finn/ML_LL/Model/CNN-1D/tmp/vivado_stitch_proj_5hx03l_8/finn_vivado_stitch_proj.gen/sources_1/bd/finn_design/hdl/finn_design_wrapper.v
INFO: [BD 41-1029] Generation completed for the IP Integrator block StreamingFIFO_0 .
INFO: [BD 41-1029] Generation completed for the IP Integrator block MatrixVectorActivation_0/MatrixVectorActivation_0 .
INFO: [BD 41-1029] Generation completed for the IP Integrator block MatrixVectorActivation_0/MatrixVectorActivation_0_wstrm .
Exporting to file /scratch/bkwan/FINN/finn/ML_LL/Model/CNN-1D/tmp/vivado_stitch_proj_5hx03l_8/finn_vivado_stitch_proj.gen/sources_1/bd/finn_design/hw_handoff/finn_design.hwh
Generated Hardware Definition File /scratch/bkwan/FINN/finn/ML_LL/Model/CNN-1D/tmp/vivado_stitch_proj_5hx03l_8/finn_vivado_stitch_proj.gen/sources_1/bd/finn_design/synth/finn_design.hwdef
CRITICAL WARNING: [IP_Flow 19-5234] Found an invalid attribute: 'Misformed interface info attr: xilinx.com:interface:axis:1.0 m_axis_0'
CRITICAL WARNING: [IP_Flow 19-5234] Found an invalid attribute: 'Misformed interface info attr: xilinx.com:interface:axis:1.0 m_axis_0'
CRITICAL WARNING: [IP_Flow 19-5234] Found an invalid attribute: 'Misformed interface info attr: xilinx.com:interface:axis:1.0 m_axis_0'
CRITICAL WARNING: [IP_Flow 19-5234] Found an invalid attribute: 'Misformed interface info attr: xilinx.com:interface:axis:1.0 s_axis_0'
CRITICAL WARNING: [IP_Flow 19-5234] Found an invalid attribute: 'Misformed interface info attr: xilinx.com:interface:axis:1.0 s_axis_0'
CRITICAL WARNING: [IP_Flow 19-5234] Found an invalid attribute: 'Misformed interface info attr: xilinx.com:interface:axis:1.0 s_axis_0'
INFO: [IP_Flow 19-7067] Note that bus interface 's_axis_0' has a fixed FREQ_HZ of '100000000.000000'. This value will be respected whenever this IP is instantiated in IP Integrator.
INFO: [IP_Flow 19-7067] Note that bus interface 'm_axis_0' has a fixed FREQ_HZ of '100000000.000000'. This value will be respected whenever this IP is instantiated in IP Integrator.
INFO: [IP_Flow 19-7067] Note that bus interface 'CLK.AP_CLK' has a fixed FREQ_HZ of '100000000.000000'. This value will be respected whenever this IP is instantiated in IP Integrator.
WARNING: [IP_Flow 19-3157] Bus Interface 'RST.AP_RST_N': Bus parameter POLARITY is ACTIVE_LOW but port 'ap_rst_n' is not *resetn - please double check the POLARITY setting.
INFO: [IP_Flow 19-2181] Payment Required is not set for this core.
INFO: [IP_Flow 19-2187] The Product Guide file is missing.
# ipx::remove_segment -quiet m_axi_gmem0:APERTURE_0 [ipx::get_address_spaces m_axi_gmem0 -of_objects [ipx::current_core]]
# set_property core_revision 2 [ipx::find_open_core xilinx_finn:finn:finn_design:1.0]
# ipx::create_xgui_files [ipx::find_open_core xilinx_finn:finn:finn_design:1.0]
# set_property value_resolve_type user [ipx::get_bus_parameters -of [ipx::get_bus_interfaces -of [ipx::current_core ]]]
# file copy -force data ip/
# ipx::add_file_group -type software_driver {} [ipx::current_core]
# set_property type mdd [ipx::add_file data/finn_design.mdd [ipx::get_file_groups xilinx_softwaredriver -of_objects [ipx::current_core]]]
# set_property type tclSource [ipx::add_file data/finn_design.tcl [ipx::get_file_groups xilinx_softwaredriver -of_objects [ipx::current_core]]]
# ipx::update_checksums [ipx::find_open_core xilinx_finn:finn:finn_design:1.0]
# ipx::save_core [ipx::find_open_core xilinx_finn:finn:finn_design:1.0]
# set all_v_files [get_files -filter {USED_IN_SYNTHESIS == 1 && (FILE_TYPE == Verilog || FILE_TYPE == SystemVerilog || FILE_TYPE =="Verilog Header")}]
# set fp [open /scratch/bkwan/FINN/finn/ML_LL/Model/CNN-1D/tmp/vivado_stitch_proj_5hx03l_8/all_verilog_srcs.txt w]
# foreach vf $all_v_files {puts $fp $vf}
# close $fp
INFO: [Common 17-206] Exiting Vivado at Thu Dec 15 03:18:09 2022...
