[2022-10-31 08:48:22,520] Running step: step_qonnx_to_finn [1/8]
[2022-10-31 08:48:22,523] Running step: step_tidy_up [2/8]
[2022-10-31 08:48:22,592] Running verification for initial_python
[2022-10-31 08:48:22,605] /scratch/bkwan/FINN/finn/deps/qonnx/src/qonnx/util/basic.py:286: UserWarning: The values of tensor MultiThreshold_0_out0 can't be represented with the set datatype annotation (INT3), they will be rounded to match the datatype annotation.
[2022-10-31 08:48:22,605]   warnings.warn(
[2022-10-31 08:48:23,817] Verification for initial_python : FAIL
[2022-10-31 08:48:23,819] Running step: step_streamline [3/8]
[2022-10-31 08:48:25,501] /scratch/bkwan/FINN/finn/deps/qonnx/src/qonnx/transformation/infer_data_layouts.py:119: UserWarning: Assuming 4D input is NCHW
[2022-10-31 08:48:25,501]   warnings.warn("Assuming 4D input is NCHW")
[2022-10-31 08:48:25,512] Running verification for streamlined_python
[2022-10-31 08:48:27,229] Verification for streamlined_python : FAIL
[2022-10-31 08:48:27,230] Running step: custom_step_convert_to_hls [4/8]
[2022-10-31 08:48:27,511] /scratch/bkwan/FINN/finn/src/finn/custom_op/fpgadataflow/thresholding_batch.py:125: UserWarning: inputDataType changing for Thresholding_Batch_MultiThreshold_1: INT32 -> INT8
[2022-10-31 08:48:27,511]   warnings.warn(warn_str)
[2022-10-31 08:48:27,512] /scratch/bkwan/FINN/finn/src/finn/custom_op/fpgadataflow/thresholding_batch.py:125: UserWarning: inputDataType changing for Thresholding_Batch_MultiThreshold_2: INT32 -> INT16
[2022-10-31 08:48:27,512]   warnings.warn(warn_str)
[2022-10-31 08:48:27,514] /scratch/bkwan/FINN/finn/src/finn/custom_op/fpgadataflow/thresholding_batch.py:125: UserWarning: inputDataType changing for Thresholding_Batch_MultiThreshold_3: INT32 -> INT16
[2022-10-31 08:48:27,514]   warnings.warn(warn_str)
[2022-10-31 08:48:27,572] Running step: step_create_dataflow_partition [5/8]
[2022-11-08 15:10:08,821] Running step: step_qonnx_to_finn [1/8]
[2022-11-08 15:10:08,824] Running step: step_tidy_up [2/8]
[2022-11-08 15:10:08,884] Running verification for initial_python
[2022-11-08 15:10:08,895] /scratch/bkwan/FINN/finn/deps/qonnx/src/qonnx/util/basic.py:286: UserWarning: The values of tensor MultiThreshold_0_out0 can't be represented with the set datatype annotation (INT3), they will be rounded to match the datatype annotation.
[2022-11-08 15:10:08,895]   warnings.warn(
[2022-11-08 15:10:10,026] Verification for initial_python : FAIL
[2022-11-08 15:10:10,028] Running step: step_streamline [3/8]
[2022-11-08 15:10:11,714] /scratch/bkwan/FINN/finn/deps/qonnx/src/qonnx/transformation/infer_data_layouts.py:119: UserWarning: Assuming 4D input is NCHW
[2022-11-08 15:10:11,714]   warnings.warn("Assuming 4D input is NCHW")
[2022-11-08 15:10:11,730] Running verification for streamlined_python
[2022-11-08 15:10:13,423] Verification for streamlined_python : FAIL
[2022-11-08 15:10:13,425] Running step: custom_step_convert_to_hls [4/8]
[2022-11-08 15:10:13,693] /scratch/bkwan/FINN/finn/src/finn/custom_op/fpgadataflow/thresholding_batch.py:125: UserWarning: inputDataType changing for Thresholding_Batch_MultiThreshold_1: INT32 -> INT8
[2022-11-08 15:10:13,693]   warnings.warn(warn_str)
[2022-11-08 15:10:13,694] /scratch/bkwan/FINN/finn/src/finn/custom_op/fpgadataflow/thresholding_batch.py:125: UserWarning: inputDataType changing for Thresholding_Batch_MultiThreshold_2: INT32 -> INT16
[2022-11-08 15:10:13,694]   warnings.warn(warn_str)
[2022-11-08 15:10:13,696] /scratch/bkwan/FINN/finn/src/finn/custom_op/fpgadataflow/thresholding_batch.py:125: UserWarning: inputDataType changing for Thresholding_Batch_MultiThreshold_3: INT32 -> INT16
[2022-11-08 15:10:13,696]   warnings.warn(warn_str)
[2022-11-08 15:10:13,705] ###########before infer bool############
[2022-11-08 15:10:13,724] ############after infer bool############
[2022-11-08 15:10:13,724] #######before inferstreaming bool#######
[2022-11-08 15:10:13,726] #######after inferstreaming bool########
[2022-11-08 15:10:13,753] Running step: step_create_dataflow_partition [5/8]
[2022-11-09 13:17:07,358] Running step: step_qonnx_to_finn [1/8]
[2022-11-09 13:17:07,361] Running step: step_tidy_up [2/8]
[2022-11-09 13:17:07,425] Running verification for initial_python
[2022-11-09 13:17:07,433] /scratch/bkwan/FINN/finn/deps/qonnx/src/qonnx/util/basic.py:286: UserWarning: The values of tensor global_in can't be represented with the set datatype annotation (INT8), they will be rounded to match the datatype annotation.
[2022-11-09 13:17:07,433]   warnings.warn(
[2022-11-09 13:18:43,009] Running step: step_qonnx_to_finn [1/8]
[2022-11-09 13:18:43,012] Running step: step_tidy_up [2/8]
[2022-11-09 13:18:43,072] Running verification for initial_python
[2022-11-09 13:18:43,081] /scratch/bkwan/FINN/finn/deps/qonnx/src/qonnx/util/basic.py:286: UserWarning: The values of tensor global_in can't be represented with the set datatype annotation (INT8), they will be rounded to match the datatype annotation.
[2022-11-09 13:18:43,081]   warnings.warn(
[2022-11-09 13:21:17,950] Running step: step_qonnx_to_finn [1/8]
[2022-11-09 13:21:17,952] Running step: step_tidy_up [2/8]
[2022-11-09 13:21:17,992] Running verification for initial_python
[2022-11-09 13:21:18,001] /scratch/bkwan/FINN/finn/deps/qonnx/src/qonnx/util/basic.py:286: UserWarning: The values of tensor global_in can't be represented with the set datatype annotation (INT8), they will be rounded to match the datatype annotation.
[2022-11-09 13:21:18,001]   warnings.warn(
[2022-11-09 13:27:20,860] Running step: step_qonnx_to_finn [1/8]
[2022-11-09 13:27:20,863] Running step: step_tidy_up [2/8]
[2022-11-09 13:27:20,919] Running verification for initial_python
[2022-11-09 13:32:23,421] Running step: step_qonnx_to_finn [1/8]
[2022-11-09 13:32:23,424] Running step: step_tidy_up [2/8]
[2022-11-09 13:32:23,479] Running verification for initial_python
[2022-11-09 13:34:41,290] Running step: step_qonnx_to_finn [1/8]
[2022-11-09 13:34:41,293] Running step: step_tidy_up [2/8]
[2022-11-09 13:34:41,357] Running verification for initial_python
[2022-11-09 13:35:52,074] Running step: step_qonnx_to_finn [1/8]
[2022-11-09 13:35:52,077] Running step: step_tidy_up [2/8]
[2022-11-09 13:35:52,137] Running verification for initial_python
[2022-11-09 13:38:03,168] Running step: step_qonnx_to_finn [1/8]
[2022-11-09 13:38:03,171] Running step: step_tidy_up [2/8]
[2022-11-09 13:38:03,220] Running verification for initial_python
[2022-11-09 13:39:11,367] Running step: step_qonnx_to_finn [1/8]
[2022-11-09 13:39:11,369] Running step: step_tidy_up [2/8]
[2022-11-09 13:39:11,409] Running verification for initial_python
[2022-11-09 13:39:11,418] /scratch/bkwan/FINN/finn/deps/qonnx/src/qonnx/util/basic.py:286: UserWarning: The values of tensor global_in can't be represented with the set datatype annotation (INT8), they will be rounded to match the datatype annotation.
[2022-11-09 13:39:11,418]   warnings.warn(
[2022-11-09 13:39:12,623] Verification for initial_python : FAIL
[2022-11-09 13:39:12,625] Running step: step_streamline [3/8]
[2022-11-09 13:39:13,566] /scratch/bkwan/FINN/finn/deps/qonnx/src/qonnx/transformation/infer_data_layouts.py:119: UserWarning: Assuming 4D input is NCHW
[2022-11-09 13:39:13,566]   warnings.warn("Assuming 4D input is NCHW")
[2022-11-09 13:39:13,571] Running verification for streamlined_python
[2022-11-09 13:39:15,539] Verification for streamlined_python : FAIL
[2022-11-09 13:39:15,541] Running step: custom_step_convert_to_hls [4/8]
[2022-11-09 13:39:15,903] /scratch/bkwan/FINN/finn/src/finn/custom_op/fpgadataflow/thresholding_batch.py:125: UserWarning: inputDataType changing for Thresholding_Batch_MultiThreshold_0: INT32 -> INT24
[2022-11-09 13:39:15,903]   warnings.warn(warn_str)
[2022-11-09 13:39:15,910] ###########before infer bool############
[2022-11-09 13:39:15,924] ############after infer bool############
[2022-11-09 13:39:15,924] #######before inferstreaming bool#######
[2022-11-09 13:39:15,925] #######after inferstreaming bool########
[2022-11-09 13:39:15,943] Running step: step_create_dataflow_partition [5/8]
[2022-11-09 13:46:30,559] Running step: step_qonnx_to_finn [1/8]
[2022-11-09 13:46:30,563] Running step: step_tidy_up [2/8]
[2022-11-09 13:46:30,623] Running verification for initial_python
[2022-11-09 13:46:30,633] /scratch/bkwan/FINN/finn/deps/qonnx/src/qonnx/util/basic.py:286: UserWarning: The values of tensor global_in can't be represented with the set datatype annotation (INT8), they will be rounded to match the datatype annotation.
[2022-11-09 13:46:30,633]   warnings.warn(
[2022-11-09 13:46:31,902] Verification for initial_python : FAIL
[2022-11-09 13:46:31,903] Running step: step_streamline [3/8]
[2022-11-09 13:46:32,842] /scratch/bkwan/FINN/finn/deps/qonnx/src/qonnx/transformation/infer_data_layouts.py:119: UserWarning: Assuming 4D input is NCHW
[2022-11-09 13:46:32,843]   warnings.warn("Assuming 4D input is NCHW")
[2022-11-09 13:46:32,848] Running verification for streamlined_python
[2022-11-09 13:46:34,902] Verification for streamlined_python : FAIL
[2022-11-09 13:46:34,904] Running step: custom_step_convert_to_hls [4/8]
[2022-11-09 13:46:35,262] /scratch/bkwan/FINN/finn/src/finn/custom_op/fpgadataflow/thresholding_batch.py:125: UserWarning: inputDataType changing for Thresholding_Batch_MultiThreshold_0: INT32 -> INT24
[2022-11-09 13:46:35,262]   warnings.warn(warn_str)
[2022-11-09 13:46:35,270] ###########before infer bool############
[2022-11-09 13:46:35,283] ############after infer bool############
[2022-11-09 13:46:35,284] #######before inferstreaming bool#######
[2022-11-09 13:46:35,285] #######after inferstreaming bool########
[2022-11-09 13:46:35,303] Running step: step_create_dataflow_partition [5/8]
[2022-11-09 13:57:29,566] Running step: step_qonnx_to_finn [1/8]
[2022-11-09 13:57:29,568] Running step: step_tidy_up [2/8]
[2022-11-09 13:57:29,630] Running verification for initial_python
[2022-11-09 13:57:29,639] /scratch/bkwan/FINN/finn/deps/qonnx/src/qonnx/util/basic.py:286: UserWarning: The values of tensor global_in can't be represented with the set datatype annotation (INT8), they will be rounded to match the datatype annotation.
[2022-11-09 13:57:29,639]   warnings.warn(
[2022-11-09 13:57:30,825] Verification for initial_python : FAIL
[2022-11-09 13:57:30,826] Running step: step_streamline [3/8]
[2022-11-09 13:57:31,763] /scratch/bkwan/FINN/finn/deps/qonnx/src/qonnx/transformation/infer_data_layouts.py:119: UserWarning: Assuming 4D input is NCHW
[2022-11-09 13:57:31,763]   warnings.warn("Assuming 4D input is NCHW")
[2022-11-09 13:57:31,768] Running verification for streamlined_python
[2022-11-09 13:57:33,700] Verification for streamlined_python : FAIL
[2022-11-09 13:57:33,701] Running step: custom_step_convert_to_hls [4/8]
[2022-11-09 13:57:34,063] /scratch/bkwan/FINN/finn/src/finn/custom_op/fpgadataflow/thresholding_batch.py:125: UserWarning: inputDataType changing for Thresholding_Batch_MultiThreshold_0: INT32 -> INT24
[2022-11-09 13:57:34,063]   warnings.warn(warn_str)
[2022-11-09 13:57:34,070] ###########before infer bool############
[2022-11-09 13:57:34,083] ############after infer bool############
[2022-11-09 13:57:34,083] #######before inferstreaming bool#######
[2022-11-09 13:57:34,085] #######after inferstreaming bool########
[2022-11-09 13:57:34,103] Running step: step_create_dataflow_partition [5/8]
